{"/home/bamdad/git/speed-to-semitones/src/index.js": {"path":"/home/bamdad/git/speed-to-semitones/src/index.js","statementMap":{"0":{"start":{"line":14,"column":24},"end":{"line":26,"column":1}},"1":{"start":{"line":16,"column":4},"end":{"line":16,"column":93}},"2":{"start":{"line":16,"column":35},"end":{"line":16,"column":93}},"3":{"start":{"line":18,"column":4},"end":{"line":18,"column":95}},"4":{"start":{"line":18,"column":36},"end":{"line":18,"column":95}},"5":{"start":{"line":20,"column":4},"end":{"line":20,"column":102}},"6":{"start":{"line":20,"column":35},"end":{"line":20,"column":102}},"7":{"start":{"line":22,"column":22},"end":{"line":22,"column":60}},"8":{"start":{"line":24,"column":4},"end":{"line":24,"column":37}},"9":{"start":{"line":28,"column":0},"end":{"line":28,"column":32}},"10":{"start":{"line":30,"column":0},"end":{"line":30,"column":48}}},"fnMap":{"0":{"name":"(anonymous_0)","decl":{"start":{"line":14,"column":24},"end":{"line":14,"column":25}},"loc":{"start":{"line":14,"column":47},"end":{"line":26,"column":1}},"line":14}},"branchMap":{"0":{"loc":{"start":{"line":14,"column":32},"end":{"line":14,"column":42}},"type":"default-arg","locations":[{"start":{"line":14,"column":41},"end":{"line":14,"column":42}}],"line":14},"1":{"loc":{"start":{"line":16,"column":4},"end":{"line":16,"column":93}},"type":"if","locations":[{"start":{"line":16,"column":4},"end":{"line":16,"column":93}},{"start":{"line":16,"column":4},"end":{"line":16,"column":93}}],"line":16},"2":{"loc":{"start":{"line":18,"column":4},"end":{"line":18,"column":95}},"type":"if","locations":[{"start":{"line":18,"column":4},"end":{"line":18,"column":95}},{"start":{"line":18,"column":4},"end":{"line":18,"column":95}}],"line":18},"3":{"loc":{"start":{"line":20,"column":4},"end":{"line":20,"column":102}},"type":"if","locations":[{"start":{"line":20,"column":4},"end":{"line":20,"column":102}},{"start":{"line":20,"column":4},"end":{"line":20,"column":102}}],"line":20},"4":{"loc":{"start":{"line":20,"column":8},"end":{"line":20,"column":33}},"type":"binary-expr","locations":[{"start":{"line":20,"column":8},"end":{"line":20,"column":18}},{"start":{"line":20,"column":22},"end":{"line":20,"column":33}}],"line":20}},"s":{"0":1,"1":8,"2":1,"3":7,"4":1,"5":6,"6":0,"7":6,"8":6,"9":1,"10":1},"f":{"0":8},"b":{"0":[5],"1":[1,7],"2":[1,6],"3":[0,6],"4":[6,6]},"_coverageSchema":"1a1c01bbd47fc00a2c39e90264f33305004495a9","hash":"9f9e01e90d8d904e60adda959a074feba80430e6"}
}
